# JRE version: OpenJDK Runtime Environment (11.0.12+7) (build 11.0.12+7-b1504.28-7817840)
# Java VM: OpenJDK 64-Bit Server VM (11.0.12+7-b1504.28-7817840, mixed mode, tiered, compressed oops, g1 gc, windows-amd64)
Heap:
 garbage-first heap   total 262144K, used 66434K [0x0000000080000000, 0x0000000100000000)
  region size 1024K, 25 young (25600K), 12 survivors (12288K)
 Metaspace       used 72818K, capacity 74581K, committed 74700K, reserved 1114112K
  class space    used 9444K, capacity 10094K, committed 10188K, reserved 1048576K
GC Heap History (14 events):
Event: 0.481 GC heap before
{Heap before GC invocations=0 (full 0):
 garbage-first heap   total 262144K, used 29696K [0x0000000080000000, 0x0000000100000000)
  region size 1024K, 24 young (24576K), 0 survivors (0K)
 Metaspace       used 10199K, capacity 10395K, committed 10624K, reserved 1058816K
  class space    used 1063K, capacity 1109K, committed 1152K, reserved 1048576K
}
Event: 0.485 GC heap after
{Heap after GC invocations=1 (full 0):
 garbage-first heap   total 262144K, used 9575K [0x0000000080000000, 0x0000000100000000)
  region size 1024K, 3 young (3072K), 3 survivors (3072K)
 Metaspace       used 10199K, capacity 10395K, committed 10624K, reserved 1058816K
  class space    used 1063K, capacity 1109K, committed 1152K, reserved 1048576K
}
Event: 1.993 GC heap before
{Heap before GC invocations=1 (full 0):
 garbage-first heap   total 262144K, used 106855K [0x0000000080000000, 0x0000000100000000)
  region size 1024K, 99 young (101376K), 3 survivors (3072K)
 Metaspace       used 20592K, capacity 21092K, committed 21248K, reserved 1067008K
  class space    used 2508K, capacity 2690K, committed 2816K, reserved 1048576K
}
Event: 2.002 GC heap after
{Heap after GC invocations=2 (full 0):
 garbage-first heap   total 262144K, used 16241K [0x0000000080000000, 0x0000000100000000)
  region size 1024K, 10 young (10240K), 10 survivors (10240K)
 Metaspace       used 20592K, capacity 21092K, committed 21248K, reserved 1067008K
  class space    used 2508K, capacity 2690K, committed 2816K, reserved 1048576K
}
Event: 2.227 GC heap before
{Heap before GC invocations=3 (full 0):
 garbage-first heap   total 262144K, used 47985K [0x0000000080000000, 0x0000000100000000)
  region size 1024K, 41 young (41984K), 10 survivors (10240K)
 Metaspace       used 23647K, capacity 24282K, committed 24576K, reserved 1071104K
  class space    used 3014K, capacity 3225K, committed 3328K, reserved 1048576K
}
Event: 2.234 GC heap after
{Heap after GC invocations=4 (full 0):
 garbage-first heap   total 262144K, used 17458K [0x0000000080000000, 0x0000000100000000)
  region size 1024K, 2 young (2048K), 2 survivors (2048K)
 Metaspace       used 23647K, capacity 24282K, committed 24576K, reserved 1071104K
  class space    used 3014K, capacity 3225K, committed 3328K, reserved 1048576K
}
Event: 3.105 GC heap before
{Heap before GC invocations=4 (full 0):
 garbage-first heap   total 262144K, used 97330K [0x0000000080000000, 0x0000000100000000)
  region size 1024K, 81 young (82944K), 2 survivors (2048K)
 Metaspace       used 35081K, capacity 35830K, committed 35840K, reserved 1081344K
  class space    used 4542K, capacity 4864K, committed 4864K, reserved 1048576K
}
Event: 3.113 GC heap after
{Heap after GC invocations=5 (full 0):
 garbage-first heap   total 262144K, used 21657K [0x0000000080000000, 0x0000000100000000)
  region size 1024K, 6 young (6144K), 6 survivors (6144K)
 Metaspace       used 35081K, capacity 35830K, committed 35840K, reserved 1081344K
  class space    used 4542K, capacity 4864K, committed 4864K, reserved 1048576K
}
Event: 4.148 GC heap before
{Heap before GC invocations=6 (full 0):
 garbage-first heap   total 262144K, used 144537K [0x0000000080000000, 0x0000000100000000)
  region size 1024K, 123 young (125952K), 6 survivors (6144K)
 Metaspace       used 44616K, capacity 45708K, committed 45900K, reserved 1089536K
  class space    used 5733K, capacity 6144K, committed 6220K, reserved 1048576K
}
Event: 4.160 GC heap after
{Heap after GC invocations=7 (full 0):
 garbage-first heap   total 262144K, used 28856K [0x0000000080000000, 0x0000000100000000)
  region size 1024K, 13 young (13312K), 13 survivors (13312K)
 Metaspace       used 44616K, capacity 45708K, committed 45900K, reserved 1089536K
  class space    used 5733K, capacity 6144K, committed 6220K, reserved 1048576K
}
Event: 5.654 GC heap before
{Heap before GC invocations=7 (full 0):
 garbage-first heap   total 262144K, used 166072K [0x0000000080000000, 0x0000000100000000)
  region size 1024K, 144 young (147456K), 13 survivors (13312K)
 Metaspace       used 58669K, capacity 60157K, committed 60236K, reserved 1101824K
  class space    used 7425K, capacity 7975K, committed 8012K, reserved 1048576K
}
Event: 5.684 GC heap after
{Heap after GC invocations=8 (full 0):
 garbage-first heap   total 262144K, used 42964K [0x0000000080000000, 0x0000000100000000)
  region size 1024K, 18 young (18432K), 18 survivors (18432K)
 Metaspace       used 58669K, capacity 60157K, committed 60236K, reserved 1101824K
  class space    used 7425K, capacity 7975K, committed 8012K, reserved 1048576K
}
Event: 7.088 GC heap before
{Heap before GC invocations=9 (full 0):
 garbage-first heap   total 262144K, used 181204K [0x0000000080000000, 0x0000000100000000)
  region size 1024K, 153 young (156672K), 18 survivors (18432K)
 Metaspace       used 71120K, capacity 72806K, committed 73164K, reserved 1112064K
  class space    used 9194K, capacity 9821K, committed 9932K, reserved 1048576K
}
Event: 7.105 GC heap after
{Heap after GC invocations=10 (full 0):
 garbage-first heap   total 262144K, used 54146K [0x0000000080000000, 0x0000000100000000)
  region size 1024K, 12 young (12288K), 12 survivors (12288K)
 Metaspace       used 71120K, capacity 72806K, committed 73164K, reserved 1112064K
  class space    used 9194K, capacity 9821K, committed 9932K, reserved 1048576K
}

